<?xml version="1.0" encoding="UTF-8"?>
<testng-results ignored="0" total="1" passed="1" failed="0" skipped="0">
  <reporter-output>
  </reporter-output>
  <suite started-at="2021-03-05T10:20:04 CET" name="Suite" finished-at="2021-03-05T10:20:37 CET" duration-ms="33534">
    <groups>
    </groups>
    <test started-at="2021-03-05T10:20:04 CET" name="Test" finished-at="2021-03-05T10:20:37 CET" duration-ms="33534">
      <class name="testCases.Adresar_TestSuite">
        <test-method is-config="true" signature="setupServicesApplication()[pri:0, instance:testCases.Adresar_TestSuite@7c469c48]" started-at="2021-03-05T10:19:56 CET" name="setupServicesApplication" finished-at="2021-03-05T10:20:04 CET" duration-ms="8132" status="PASS">
          <reporter-output>
          </reporter-output>
        </test-method> <!-- setupServicesApplication -->
        <test-method is-config="true" signature="loginUserToApp(java.lang.String, java.lang.String)[pri:0, instance:testCases.Adresar_TestSuite@7c469c48]" started-at="2021-03-05T10:20:04 CET" name="loginUserToApp" finished-at="2021-03-05T10:20:09 CET" duration-ms="5116" status="PASS">
          <params>
            <param index="0">
              <value>
                <![CDATA[umilens@gmail.com]]>
              </value>
            </param>
            <param index="1">
              <value>
                <![CDATA[umilens]]>
              </value>
            </param>
          </params>
          <reporter-output>
          </reporter-output>
        </test-method> <!-- loginUserToApp -->
        <test-method signature="TC_003_Adresar_Add_Conntact_To_AddressBook_Note(java.lang.String, java.lang.String)[pri:0, instance:testCases.Adresar_TestSuite@7c469c48]" started-at="2021-03-05T10:20:09 CET" name="TC_003_Adresar_Add_Conntact_To_AddressBook_Note" finished-at="2021-03-05T10:20:34 CET" duration-ms="25501" status="PASS">
          <params>
            <param index="0">
              <value>
                <![CDATA[Burton cizme]]>
              </value>
            </param>
            <param index="1">
              <value>
                <![CDATA[Put some text here]]>
              </value>
            </param>
          </params>
          <reporter-output>
          </reporter-output>
        </test-method> <!-- TC_003_Adresar_Add_Conntact_To_AddressBook_Note -->
        <test-method is-config="true" signature="logingOutUserFromApp()[pri:0, instance:testCases.Adresar_TestSuite@7c469c48]" started-at="2021-03-05T10:20:34 CET" name="logingOutUserFromApp" finished-at="2021-03-05T10:20:37 CET" duration-ms="2885" status="PASS">
          <reporter-output>
          </reporter-output>
        </test-method> <!-- logingOutUserFromApp -->
        <test-method is-config="true" signature="shutdownServicesApplication()[pri:0, instance:testCases.Adresar_TestSuite@7c469c48]" started-at="2021-03-05T10:20:37 CET" name="shutdownServicesApplication" finished-at="2021-03-05T10:20:39 CET" duration-ms="1681" status="PASS">
          <reporter-output>
          </reporter-output>
        </test-method> <!-- shutdownServicesApplication -->
      </class> <!-- testCases.Adresar_TestSuite -->
    </test> <!-- Test -->
  </suite> <!-- Suite -->
</testng-results>
